0 info it worked if it ends with ok
1 verbose cli [ '/Users/eda/.nvm/versions/node/v7.2.0/bin/node',
1 verbose cli   '/Users/eda/.nvm/versions/node/v7.2.0/bin/npm',
1 verbose cli   'run',
1 verbose cli   'dev' ]
2 info using npm@3.10.9
3 info using node@v7.2.0
4 verbose run-script [ 'predev', 'dev', 'postdev' ]
5 info lifecycle boilerplate-redux-async@0.1.0~predev: boilerplate-redux-async@0.1.0
6 silly lifecycle boilerplate-redux-async@0.1.0~predev: no script for predev, continuing
7 info lifecycle boilerplate-redux-async@0.1.0~dev: boilerplate-redux-async@0.1.0
8 verbose lifecycle boilerplate-redux-async@0.1.0~dev: unsafe-perm in lifecycle true
9 verbose lifecycle boilerplate-redux-async@0.1.0~dev: PATH: /Users/eda/.nvm/versions/node/v7.2.0/lib/node_modules/npm/bin/node-gyp-bin:/Users/eda/jack/CurrencyRates/node_modules/.bin:/Users/eda/.nvm/versions/node/v7.2.0/bin:/usr/local/bin:/usr/bin:/bin:/usr/sbin:/sbin
10 verbose lifecycle boilerplate-redux-async@0.1.0~dev: CWD: /Users/eda/jack/CurrencyRates
11 silly lifecycle boilerplate-redux-async@0.1.0~dev: Args: [ '-c', 'nodemon --watch server & webpack --watch' ]
12 silly lifecycle boilerplate-redux-async@0.1.0~dev: Returned: code: 137  signal: null
13 info lifecycle boilerplate-redux-async@0.1.0~dev: Failed to exec dev script
14 verbose stack Error: boilerplate-redux-async@0.1.0 dev: `nodemon --watch server & webpack --watch`
14 verbose stack Exit status 137
14 verbose stack     at EventEmitter.<anonymous> (/Users/eda/.nvm/versions/node/v7.2.0/lib/node_modules/npm/lib/utils/lifecycle.js:255:16)
14 verbose stack     at emitTwo (events.js:106:13)
14 verbose stack     at EventEmitter.emit (events.js:191:7)
14 verbose stack     at ChildProcess.<anonymous> (/Users/eda/.nvm/versions/node/v7.2.0/lib/node_modules/npm/lib/utils/spawn.js:40:14)
14 verbose stack     at emitTwo (events.js:106:13)
14 verbose stack     at ChildProcess.emit (events.js:191:7)
14 verbose stack     at maybeClose (internal/child_process.js:885:16)
14 verbose stack     at Process.ChildProcess._handle.onexit (internal/child_process.js:226:5)
15 verbose pkgid boilerplate-redux-async@0.1.0
16 verbose cwd /Users/eda/jack/CurrencyRates
17 error Darwin 16.6.0
18 error argv "/Users/eda/.nvm/versions/node/v7.2.0/bin/node" "/Users/eda/.nvm/versions/node/v7.2.0/bin/npm" "run" "dev"
19 error node v7.2.0
20 error npm  v3.10.9
21 error code ELIFECYCLE
22 error boilerplate-redux-async@0.1.0 dev: `nodemon --watch server & webpack --watch`
22 error Exit status 137
23 error Failed at the boilerplate-redux-async@0.1.0 dev script 'nodemon --watch server & webpack --watch'.
23 error Make sure you have the latest version of node.js and npm installed.
23 error If you do, this is most likely a problem with the boilerplate-redux-async package,
23 error not with npm itself.
23 error Tell the author that this fails on your system:
23 error     nodemon --watch server & webpack --watch
23 error You can get information on how to open an issue for this project with:
23 error     npm bugs boilerplate-redux-async
23 error Or if that isn't available, you can get their info via:
23 error     npm owner ls boilerplate-redux-async
23 error There is likely additional logging output above.
24 verbose exit [ 1, true ]
